[2025-03-15T17:46:18.671Z] error: Error: Invalid credentials here 2
    at Object.login (file:///C:/Users/lucas/Documents/PERSONAL/apidev-api/src/modules/Users/data-access/userRepo.ts:32:15)
    at async Module.loginUser (file:///C:/Users/lucas/Documents/PERSONAL/apidev-api/src/modules/Users/services/userService.ts:29:18)
    at async loginUser (file:///C:/Users/lucas/Documents/PERSONAL/apidev-api/src/modules/Users/controllers/userControllers.ts:14:20)
[2025-03-15T18:11:45.452Z] error: Error: Invalid credentials
    at Object.login (file:///C:/Users/lucas/Documents/PERSONAL/apidev-api/src/modules/Users/data-access/userRepo.ts:22:15)
    at async Module.loginUser (file:///C:/Users/lucas/Documents/PERSONAL/apidev-api/src/modules/Users/services/userService.ts:29:18)
    at async loginUser (file:///C:/Users/lucas/Documents/PERSONAL/apidev-api/src/modules/Users/controllers/userControllers.ts:14:20)
[2025-03-15T18:11:53.314Z] error: Error: reCAPTCHA verification failed: DUPE
    at verifyRecaptcha (file:///C:/Users/lucas/Documents/PERSONAL/apidev-api/src/core/middlewares/recaptcha-enterprise.ts:36:11)
    at async Module.loginUser (file:///C:/Users/lucas/Documents/PERSONAL/apidev-api/src/modules/Users/services/userService.ts:18:21)
    at async loginUser (file:///C:/Users/lucas/Documents/PERSONAL/apidev-api/src/modules/Users/controllers/userControllers.ts:14:20)
[2025-03-15T18:12:01.342Z] error: Error: reCAPTCHA verification failed: DUPE
    at verifyRecaptcha (file:///C:/Users/lucas/Documents/PERSONAL/apidev-api/src/core/middlewares/recaptcha-enterprise.ts:36:11)
    at async Module.loginUser (file:///C:/Users/lucas/Documents/PERSONAL/apidev-api/src/modules/Users/services/userService.ts:18:21)
    at async loginUser (file:///C:/Users/lucas/Documents/PERSONAL/apidev-api/src/modules/Users/controllers/userControllers.ts:14:20)
[2025-03-15T18:12:10.557Z] error: Error: reCAPTCHA verification failed: DUPE
    at verifyRecaptcha (file:///C:/Users/lucas/Documents/PERSONAL/apidev-api/src/core/middlewares/recaptcha-enterprise.ts:36:11)
    at async Module.loginUser (file:///C:/Users/lucas/Documents/PERSONAL/apidev-api/src/modules/Users/services/userService.ts:18:21)
    at async loginUser (file:///C:/Users/lucas/Documents/PERSONAL/apidev-api/src/modules/Users/controllers/userControllers.ts:14:20)
[2025-03-15T18:12:34.377Z] error: Error: reCAPTCHA verification failed: DUPE
    at verifyRecaptcha (file:///C:/Users/lucas/Documents/PERSONAL/apidev-api/src/core/middlewares/recaptcha-enterprise.ts:36:11)
    at async Module.loginUser (file:///C:/Users/lucas/Documents/PERSONAL/apidev-api/src/modules/Users/services/userService.ts:18:21)
    at async loginUser (file:///C:/Users/lucas/Documents/PERSONAL/apidev-api/src/modules/Users/controllers/userControllers.ts:14:20)
[2025-03-15T18:12:59.206Z] error: Error: Invalid credentials
    at Object.login (file:///C:/Users/lucas/Documents/PERSONAL/apidev-api/src/modules/Users/data-access/userRepo.ts:22:15)
    at async Module.loginUser (file:///C:/Users/lucas/Documents/PERSONAL/apidev-api/src/modules/Users/services/userService.ts:29:18)
    at async loginUser (file:///C:/Users/lucas/Documents/PERSONAL/apidev-api/src/modules/Users/controllers/userControllers.ts:14:20)
[2025-03-15T18:13:07.498Z] error: Error: reCAPTCHA verification failed: DUPE
    at verifyRecaptcha (file:///C:/Users/lucas/Documents/PERSONAL/apidev-api/src/core/middlewares/recaptcha-enterprise.ts:36:11)
    at async Module.loginUser (file:///C:/Users/lucas/Documents/PERSONAL/apidev-api/src/modules/Users/services/userService.ts:18:21)
    at async loginUser (file:///C:/Users/lucas/Documents/PERSONAL/apidev-api/src/modules/Users/controllers/userControllers.ts:14:20)
[2025-03-15T18:13:32.573Z] error: Error: Invalid credentials
    at Object.login (file:///C:/Users/lucas/Documents/PERSONAL/apidev-api/src/modules/Users/data-access/userRepo.ts:22:15)
    at async Module.loginUser (file:///C:/Users/lucas/Documents/PERSONAL/apidev-api/src/modules/Users/services/userService.ts:29:18)
    at async loginUser (file:///C:/Users/lucas/Documents/PERSONAL/apidev-api/src/modules/Users/controllers/userControllers.ts:14:20)
[2025-03-15T18:16:42.991Z] error: Error: Senha Incorreta
    at Object.login (file:///C:/Users/lucas/Documents/PERSONAL/apidev-api/src/modules/Users/data-access/userRepo.ts:26:15)
    at async Module.loginUser (file:///C:/Users/lucas/Documents/PERSONAL/apidev-api/src/modules/Users/services/userService.ts:29:18)
    at async loginUser (file:///C:/Users/lucas/Documents/PERSONAL/apidev-api/src/modules/Users/controllers/userControllers.ts:14:20)
[2025-03-15T18:17:00.886Z] error: Error: CPF ou Email não cadastrados.
    at Object.login (file:///C:/Users/lucas/Documents/PERSONAL/apidev-api/src/modules/Users/data-access/userRepo.ts:22:15)
    at async Module.loginUser (file:///C:/Users/lucas/Documents/PERSONAL/apidev-api/src/modules/Users/services/userService.ts:29:18)
    at async loginUser (file:///C:/Users/lucas/Documents/PERSONAL/apidev-api/src/modules/Users/controllers/userControllers.ts:14:20)
[2025-03-15T18:18:29.321Z] error: Error: CPF ou Email não cadastrados.
    at Object.login (file:///C:/Users/lucas/Documents/PERSONAL/apidev-api/src/modules/Users/data-access/userRepo.ts:22:15)
    at async Module.loginUser (file:///C:/Users/lucas/Documents/PERSONAL/apidev-api/src/modules/Users/services/userService.ts:29:18)
    at async loginUser (file:///C:/Users/lucas/Documents/PERSONAL/apidev-api/src/modules/Users/controllers/userControllers.ts:14:20)
[2025-03-15T18:18:52.309Z] error: Error: CPF ou Email não cadastrados.
    at Object.login (file:///C:/Users/lucas/Documents/PERSONAL/apidev-api/src/modules/Users/data-access/userRepo.ts:22:15)
    at async Module.loginUser (file:///C:/Users/lucas/Documents/PERSONAL/apidev-api/src/modules/Users/services/userService.ts:29:18)
    at async loginUser (file:///C:/Users/lucas/Documents/PERSONAL/apidev-api/src/modules/Users/controllers/userControllers.ts:14:20)
[2025-03-15T18:19:03.138Z] error: Error: CPF ou Email não cadastrados.
    at Object.login (file:///C:/Users/lucas/Documents/PERSONAL/apidev-api/src/modules/Users/data-access/userRepo.ts:22:15)
    at async Module.loginUser (file:///C:/Users/lucas/Documents/PERSONAL/apidev-api/src/modules/Users/services/userService.ts:29:18)
    at async loginUser (file:///C:/Users/lucas/Documents/PERSONAL/apidev-api/src/modules/Users/controllers/userControllers.ts:14:20)
[2025-03-15T18:20:17.551Z] error: Error: CPF ou Email não cadastrados.
    at Object.login (file:///C:/Users/lucas/Documents/PERSONAL/apidev-api/src/modules/Users/data-access/userRepo.ts:22:15)
    at async Module.loginUser (file:///C:/Users/lucas/Documents/PERSONAL/apidev-api/src/modules/Users/services/userService.ts:29:18)
    at async loginUser (file:///C:/Users/lucas/Documents/PERSONAL/apidev-api/src/modules/Users/controllers/userControllers.ts:14:20)
[2025-03-15T18:21:13.773Z] error: Error: CPF ou Email não cadastrados.
    at Object.login (file:///C:/Users/lucas/Documents/PERSONAL/apidev-api/src/modules/Users/data-access/userRepo.ts:22:15)
    at async Module.loginUser (file:///C:/Users/lucas/Documents/PERSONAL/apidev-api/src/modules/Users/services/userService.ts:29:18)
    at async loginUser (file:///C:/Users/lucas/Documents/PERSONAL/apidev-api/src/modules/Users/controllers/userControllers.ts:14:20)
[2025-03-15T18:21:23.226Z] error: Error: reCAPTCHA verification failed: DUPE
    at verifyRecaptcha (file:///C:/Users/lucas/Documents/PERSONAL/apidev-api/src/core/middlewares/recaptcha-enterprise.ts:36:11)
    at async Module.loginUser (file:///C:/Users/lucas/Documents/PERSONAL/apidev-api/src/modules/Users/services/userService.ts:18:21)
    at async loginUser (file:///C:/Users/lucas/Documents/PERSONAL/apidev-api/src/modules/Users/controllers/userControllers.ts:14:20)
[2025-03-15T18:21:48.928Z] error: Error: Senha Incorreta
    at Object.login (file:///C:/Users/lucas/Documents/PERSONAL/apidev-api/src/modules/Users/data-access/userRepo.ts:26:15)
    at async Module.loginUser (file:///C:/Users/lucas/Documents/PERSONAL/apidev-api/src/modules/Users/services/userService.ts:29:18)
    at async loginUser (file:///C:/Users/lucas/Documents/PERSONAL/apidev-api/src/modules/Users/controllers/userControllers.ts:14:20)
